c:\users\margy\documents\σχολη\3ο εξάμηνο\c++\ergasia2021\x64\release\vc143.pdb
c:\users\margy\documents\σχολη\3ο εξάμηνο\c++\ergasia2021\x64\release\reds.obj
c:\users\margy\documents\σχολη\3ο εξάμηνο\c++\ergasia2021\x64\release\redo.obj
c:\users\margy\documents\σχολη\3ο εξάμηνο\c++\ergasia2021\x64\release\object.obj
c:\users\margy\documents\σχολη\3ο εξάμηνο\c++\ergasia2021\x64\release\main.obj
c:\users\margy\documents\σχολη\3ο εξάμηνο\c++\ergasia2021\x64\release\letter.obj
c:\users\margy\documents\σχολη\3ο εξάμηνο\c++\ergasia2021\x64\release\game.obj
c:\users\margy\documents\σχολη\3ο εξάμηνο\c++\ergasia2021\x64\release\blues.obj
c:\users\margy\documents\σχολη\3ο εξάμηνο\c++\ergasia2021\x64\release\blueo.obj
c:\users\margy\documents\σχολη\3ο εξάμηνο\c++\ergasia2021\x64\release\bug.obj
c:\users\margy\documents\σχολη\3ο εξάμηνο\c++\ergasia2021\x64\release\ergasia2021.ipdb
c:\users\margy\documents\σχολη\3ο εξάμηνο\c++\ergasia2021\x64\release\ergasia2021.iobj
c:\users\margy\documents\σχολη\3ο εξάμηνο\c++\ergasia2021\x64\release\ergasia2021.exe
c:\users\margy\documents\σχολη\3ο εξάμηνο\c++\ergasia2021\x64\release\ergasia2021.pdb
c:\users\margy\documents\σχολη\3ο εξάμηνο\c++\ergasia2021\x64\release\ergasia2021.tlog\cl.command.1.tlog
c:\users\margy\documents\σχολη\3ο εξάμηνο\c++\ergasia2021\x64\release\ergasia2021.tlog\cl.read.1.tlog
c:\users\margy\documents\σχολη\3ο εξάμηνο\c++\ergasia2021\x64\release\ergasia2021.tlog\cl.write.1.tlog
c:\users\margy\documents\σχολη\3ο εξάμηνο\c++\ergasia2021\x64\release\ergasia2021.tlog\ergasia2021.write.1u.tlog
c:\users\margy\documents\σχολη\3ο εξάμηνο\c++\ergasia2021\x64\release\ergasia2021.tlog\link.command.1.tlog
c:\users\margy\documents\σχολη\3ο εξάμηνο\c++\ergasia2021\x64\release\ergasia2021.tlog\link.read.1.tlog
c:\users\margy\documents\σχολη\3ο εξάμηνο\c++\ergasia2021\x64\release\ergasia2021.tlog\link.write.1.tlog
