c:\users\margy\documents\σχολη\3ο εξάμηνο\c++\ergasia2021\x64\debug\vc143.pdb
c:\users\margy\documents\σχολη\3ο εξάμηνο\c++\ergasia2021\x64\debug\vc143.idb
c:\users\margy\documents\σχολη\3ο εξάμηνο\c++\ergasia2021\x64\debug\score.obj
c:\users\margy\documents\σχολη\3ο εξάμηνο\c++\ergasia2021\x64\debug\redscore.obj
c:\users\margy\documents\σχολη\3ο εξάμηνο\c++\ergasia2021\x64\debug\reds.obj
c:\users\margy\documents\σχολη\3ο εξάμηνο\c++\ergasia2021\x64\debug\redo.obj
c:\users\margy\documents\σχολη\3ο εξάμηνο\c++\ergasia2021\x64\debug\object.obj
c:\users\margy\documents\σχολη\3ο εξάμηνο\c++\ergasia2021\x64\debug\noletter.obj
c:\users\margy\documents\σχολη\3ο εξάμηνο\c++\ergasia2021\x64\debug\main.obj
c:\users\margy\documents\σχολη\3ο εξάμηνο\c++\ergasia2021\x64\debug\letter.obj
c:\users\margy\documents\σχολη\3ο εξάμηνο\c++\ergasia2021\x64\debug\game.obj
c:\users\margy\documents\σχολη\3ο εξάμηνο\c++\ergasia2021\x64\debug\bug.obj
c:\users\margy\documents\σχολη\3ο εξάμηνο\c++\ergasia2021\x64\debug\bluescore.obj
c:\users\margy\documents\σχολη\3ο εξάμηνο\c++\ergasia2021\x64\debug\blues.obj
c:\users\margy\documents\σχολη\3ο εξάμηνο\c++\ergasia2021\x64\debug\blueo.obj
c:\users\margy\documents\σχολη\3ο εξάμηνο\c++\ergasia2021\x64\debug\ergasia2021.ilk
c:\users\margy\documents\σχολη\3ο εξάμηνο\c++\ergasia2021\x64\debug\ergasia2021.exe
c:\users\margy\documents\σχολη\3ο εξάμηνο\c++\ergasia2021\x64\debug\ergasia2021.pdb
c:\users\margy\documents\σχολη\3ο εξάμηνο\c++\ergasia2021\x64\debug\ergasia2021.tlog\cl.command.1.tlog
c:\users\margy\documents\σχολη\3ο εξάμηνο\c++\ergasia2021\x64\debug\ergasia2021.tlog\cl.read.1.tlog
c:\users\margy\documents\σχολη\3ο εξάμηνο\c++\ergasia2021\x64\debug\ergasia2021.tlog\cl.write.1.tlog
c:\users\margy\documents\σχολη\3ο εξάμηνο\c++\ergasia2021\x64\debug\ergasia2021.tlog\link.command.1.tlog
c:\users\margy\documents\σχολη\3ο εξάμηνο\c++\ergasia2021\x64\debug\ergasia2021.tlog\link.read.1.tlog
c:\users\margy\documents\σχολη\3ο εξάμηνο\c++\ergasia2021\x64\debug\ergasia2021.tlog\link.write.1.tlog
